d:\geraint lau\monash_uni\my_units\fit2096\assignment2a\new_fit2096 assignment 1 solution\fit2096 - assignment 1 solution\fit2049 - week 4\debug\vc140.pdb
d:\geraint lau\monash_uni\my_units\fit2096\assignment2a\new_fit2096 assignment 1 solution\fit2096 - assignment 1 solution\fit2049 - week 4\debug\vc140.idb
d:\geraint lau\monash_uni\my_units\fit2096\assignment2a\new_fit2096 assignment 1 solution\fit2096 - assignment 1 solution\fit2049 - week 4\debug\camera.obj
d:\geraint lau\monash_uni\my_units\fit2096\assignment2a\new_fit2096 assignment 1 solution\fit2096 - assignment 1 solution\fit2049 - week 4\debug\direct3d.obj
d:\geraint lau\monash_uni\my_units\fit2096\assignment2a\new_fit2096 assignment 1 solution\fit2096 - assignment 1 solution\fit2049 - week 4\debug\firstpersoncamera.obj
d:\geraint lau\monash_uni\my_units\fit2096\assignment2a\new_fit2096 assignment 1 solution\fit2096 - assignment 1 solution\fit2049 - week 4\debug\game.obj
d:\geraint lau\monash_uni\my_units\fit2096\assignment2a\new_fit2096 assignment 1 solution\fit2096 - assignment 1 solution\fit2049 - week 4\debug\gameboard.obj
d:\geraint lau\monash_uni\my_units\fit2096\assignment2a\new_fit2096 assignment 1 solution\fit2096 - assignment 1 solution\fit2049 - week 4\debug\gameobject.obj
d:\geraint lau\monash_uni\my_units\fit2096\assignment2a\new_fit2096 assignment 1 solution\fit2096 - assignment 1 solution\fit2049 - week 4\debug\inputcontroller.obj
d:\geraint lau\monash_uni\my_units\fit2096\assignment2a\new_fit2096 assignment 1 solution\fit2096 - assignment 1 solution\fit2049 - week 4\debug\main.obj
d:\geraint lau\monash_uni\my_units\fit2096\assignment2a\new_fit2096 assignment 1 solution\fit2096 - assignment 1 solution\fit2049 - week 4\debug\mesh.obj
d:\geraint lau\monash_uni\my_units\fit2096\assignment2a\new_fit2096 assignment 1 solution\fit2096 - assignment 1 solution\fit2049 - week 4\debug\meshmanager.obj
d:\geraint lau\monash_uni\my_units\fit2096\assignment2a\new_fit2096 assignment 1 solution\fit2096 - assignment 1 solution\fit2049 - week 4\debug\monster.obj
d:\geraint lau\monash_uni\my_units\fit2096\assignment2a\new_fit2096 assignment 1 solution\fit2096 - assignment 1 solution\fit2049 - week 4\debug\player.obj
d:\geraint lau\monash_uni\my_units\fit2096\assignment2a\new_fit2096 assignment 1 solution\fit2096 - assignment 1 solution\fit2049 - week 4\debug\shader.obj
d:\geraint lau\monash_uni\my_units\fit2096\assignment2a\new_fit2096 assignment 1 solution\fit2096 - assignment 1 solution\fit2049 - week 4\debug\texture.obj
d:\geraint lau\monash_uni\my_units\fit2096\assignment2a\new_fit2096 assignment 1 solution\fit2096 - assignment 1 solution\fit2049 - week 4\debug\texturedshader.obj
d:\geraint lau\monash_uni\my_units\fit2096\assignment2a\new_fit2096 assignment 1 solution\fit2096 - assignment 1 solution\fit2049 - week 4\debug\texturemanager.obj
d:\geraint lau\monash_uni\my_units\fit2096\assignment2a\new_fit2096 assignment 1 solution\fit2096 - assignment 1 solution\fit2049 - week 4\debug\tile.obj
d:\geraint lau\monash_uni\my_units\fit2096\assignment2a\new_fit2096 assignment 1 solution\fit2096 - assignment 1 solution\fit2049 - week 4\debug\window.obj
d:\geraint lau\monash_uni\my_units\fit2096\assignment2a\new_fit2096 assignment 1 solution\fit2096 - assignment 1 solution\fit2049 - week 4\debug\enemy.obj
d:\geraint lau\monash_uni\my_units\fit2096\assignment2a\new_fit2096 assignment 1 solution\fit2096 - assignment 1 solution\fit2049 - week 4\debug\healthpack.obj
d:\geraint lau\monash_uni\my_units\fit2096\assignment2b\fit2096_assignment2b\fit2096 - assignment 1 solution\fit2049 - week 4\debug\vc140.pdb
d:\geraint lau\monash_uni\my_units\fit2096\assignment2b\fit2096_assignment2b\fit2096 - assignment 1 solution\fit2049 - week 4\debug\vc140.idb
d:\geraint lau\monash_uni\my_units\fit2096\assignment2b\fit2096_assignment2b\fit2096 - assignment 1 solution\fit2049 - week 4\debug\camera.obj
d:\geraint lau\monash_uni\my_units\fit2096\assignment2b\fit2096_assignment2b\fit2096 - assignment 1 solution\fit2049 - week 4\debug\direct3d.obj
d:\geraint lau\monash_uni\my_units\fit2096\assignment2b\fit2096_assignment2b\fit2096 - assignment 1 solution\fit2049 - week 4\debug\enemy.obj
d:\geraint lau\monash_uni\my_units\fit2096\assignment2b\fit2096_assignment2b\fit2096 - assignment 1 solution\fit2049 - week 4\debug\firstpersoncamera.obj
d:\geraint lau\monash_uni\my_units\fit2096\assignment2b\fit2096_assignment2b\fit2096 - assignment 1 solution\fit2049 - week 4\debug\game.obj
d:\geraint lau\monash_uni\my_units\fit2096\assignment2b\fit2096_assignment2b\fit2096 - assignment 1 solution\fit2049 - week 4\debug\gameboard.obj
d:\geraint lau\monash_uni\my_units\fit2096\assignment2b\fit2096_assignment2b\fit2096 - assignment 1 solution\fit2049 - week 4\debug\gameobject.obj
d:\geraint lau\monash_uni\my_units\fit2096\assignment2b\fit2096_assignment2b\fit2096 - assignment 1 solution\fit2049 - week 4\debug\healthpack.obj
d:\geraint lau\monash_uni\my_units\fit2096\assignment2b\fit2096_assignment2b\fit2096 - assignment 1 solution\fit2049 - week 4\debug\inputcontroller.obj
d:\geraint lau\monash_uni\my_units\fit2096\assignment2b\fit2096_assignment2b\fit2096 - assignment 1 solution\fit2049 - week 4\debug\main.obj
d:\geraint lau\monash_uni\my_units\fit2096\assignment2b\fit2096_assignment2b\fit2096 - assignment 1 solution\fit2049 - week 4\debug\mesh.obj
d:\geraint lau\monash_uni\my_units\fit2096\assignment2b\fit2096_assignment2b\fit2096 - assignment 1 solution\fit2049 - week 4\debug\meshmanager.obj
d:\geraint lau\monash_uni\my_units\fit2096\assignment2b\fit2096_assignment2b\fit2096 - assignment 1 solution\fit2049 - week 4\debug\monster.obj
d:\geraint lau\monash_uni\my_units\fit2096\assignment2b\fit2096_assignment2b\fit2096 - assignment 1 solution\fit2049 - week 4\debug\player.obj
d:\geraint lau\monash_uni\my_units\fit2096\assignment2b\fit2096_assignment2b\fit2096 - assignment 1 solution\fit2049 - week 4\debug\shader.obj
d:\geraint lau\monash_uni\my_units\fit2096\assignment2b\fit2096_assignment2b\fit2096 - assignment 1 solution\fit2049 - week 4\debug\texture.obj
d:\geraint lau\monash_uni\my_units\fit2096\assignment2b\fit2096_assignment2b\fit2096 - assignment 1 solution\fit2049 - week 4\debug\texturedshader.obj
d:\geraint lau\monash_uni\my_units\fit2096\assignment2b\fit2096_assignment2b\fit2096 - assignment 1 solution\fit2049 - week 4\debug\texturemanager.obj
d:\geraint lau\monash_uni\my_units\fit2096\assignment2b\fit2096_assignment2b\fit2096 - assignment 1 solution\fit2049 - week 4\debug\tile.obj
d:\geraint lau\monash_uni\my_units\fit2096\assignment2b\fit2096_assignment2b\fit2096 - assignment 1 solution\fit2049 - week 4\debug\window.obj
d:\geraint lau\monash_uni\my_units\fit2096\assignment2b\fit2096_assignment2b\fit2096 - assignment 1 solution\fit2049 - week 4\debug\collisions.obj
d:\geraint lau\monash_uni\my_units\fit2096\assignment2b\fit2096_assignment2b\fit2096 - assignment 1 solution\fit2049 - week 4\debug\physicsobject.obj
d:\geraint lau\monash_uni\my_units\fit2096\assignment2b\fit2096_assignment2b\fit2096 - assignment 1 solution\fit2049 - week 4\debug\bullet.obj
d:\geraint lau\monash_uni\my_units\fit2096\assignment2b\fit2096_assignment2b\fit2096 - assignment 1 solution\fit2049 - week 4\debug\button.obj
d:\geraint lau\monash_uni\my_units\fit2096\assignment2a\new_fit2096 assignment 1 solution\fit2096 - assignment 1 solution\debug\fit2096 - week 4 base.ilk
d:\geraint lau\monash_uni\my_units\fit2096\assignment2a\new_fit2096 assignment 1 solution\fit2096 - assignment 1 solution\debug\fit2096 - week 4 base.exe
d:\geraint lau\monash_uni\my_units\fit2096\assignment2a\new_fit2096 assignment 1 solution\fit2096 - assignment 1 solution\debug\fit2096 - week 4 base.pdb
d:\geraint lau\monash_uni\my_units\fit2096\assignment2b\fit2096_assignment2b\fit2096 - assignment 1 solution\debug\fit2096 - week 4 base.ilk
d:\geraint lau\monash_uni\my_units\fit2096\assignment2b\fit2096_assignment2b\fit2096 - assignment 1 solution\debug\fit2096 - week 4 base.exe
d:\geraint lau\monash_uni\my_units\fit2096\assignment2b\fit2096_assignment2b\fit2096 - assignment 1 solution\debug\fit2096 - week 4 base.pdb
d:\geraint lau\monash_uni\my_units\fit2096\assignment2b\fit2096_assignment2b\fit2096 - assignment 1 solution\fit2049 - week 4\debug\fit2096 .2e0bca67.tlog\cl.command.1.tlog
d:\geraint lau\monash_uni\my_units\fit2096\assignment2b\fit2096_assignment2b\fit2096 - assignment 1 solution\fit2049 - week 4\debug\fit2096 .2e0bca67.tlog\cl.read.1.tlog
d:\geraint lau\monash_uni\my_units\fit2096\assignment2b\fit2096_assignment2b\fit2096 - assignment 1 solution\fit2049 - week 4\debug\fit2096 .2e0bca67.tlog\cl.write.1.tlog
d:\geraint lau\monash_uni\my_units\fit2096\assignment2b\fit2096_assignment2b\fit2096 - assignment 1 solution\fit2049 - week 4\debug\fit2096 .2e0bca67.tlog\link.command.1.tlog
d:\geraint lau\monash_uni\my_units\fit2096\assignment2b\fit2096_assignment2b\fit2096 - assignment 1 solution\fit2049 - week 4\debug\fit2096 .2e0bca67.tlog\link.read.1.tlog
d:\geraint lau\monash_uni\my_units\fit2096\assignment2b\fit2096_assignment2b\fit2096 - assignment 1 solution\fit2049 - week 4\debug\fit2096 .2e0bca67.tlog\link.write.1.tlog
